[debug] [2021-02-28T18:30:14.177Z] ----------------------------------------------------------------------
[debug] [2021-02-28T18:30:14.193Z] Command:       /usr/bin/node /usr/local/bin/firebase emulators:start
[debug] [2021-02-28T18:30:14.197Z] CLI Version:   9.5.0
[debug] [2021-02-28T18:30:14.197Z] Platform:      linux
[debug] [2021-02-28T18:30:14.198Z] Node Version:  v10.19.0
[debug] [2021-02-28T18:30:14.200Z] Time:          Mon Mar 01 2021 00:00:14 GMT+0530 (India Standard Time)
[debug] [2021-02-28T18:30:14.200Z] ----------------------------------------------------------------------
[debug] [2021-02-28T18:30:14.201Z] 
[debug] [2021-02-28T18:30:14.247Z] > command requires scopes: ["email","openid","https://www.googleapis.com/auth/cloudplatformprojects.readonly","https://www.googleapis.com/auth/firebase","https://www.googleapis.com/auth/cloud-platform"]
[debug] [2021-02-28T18:30:14.249Z] > authorizing via signed-in user
[info] i  emulators: Starting emulators: functions, hosting {"metadata":{"emulator":{"name":"hub"},"message":"Starting emulators: functions, hosting"}}
[warn] ⚠  hub: emulator hub unable to start on port 4400, starting on 4401 instead. {"metadata":{"emulator":{"name":"hub"},"message":"emulator hub unable to start on port 4400, starting on 4401 instead."}}
[warn] ⚠  emulators: It seems that you are running multiple instances of the emulator suite for project clone-9b0b1. This may result in unexpected behavior. 
[debug] [2021-02-28T18:30:14.509Z] [hub] writing locator at /tmp/hub-clone-9b0b1.json
[warn] ⚠  functions: The following emulators are not running, calls to these services from the Functions emulator will affect production: auth, firestore, database, pubsub {"metadata":{"emulator":{"name":"functions"},"message":"The following emulators are not running, calls to these services from the Functions emulator will affect production: \u001b[1mauth, firestore, database, pubsub\u001b[22m"}}
[info] ✔  functions: Using node@10 from host. {"metadata":{"emulator":{"name":"functions"},"message":"Using node@10 from host."}}
[debug] [2021-02-28T18:30:14.748Z] defaultcredentials: writing to file /home/aman/.config/firebase/amanvermame786_gmail_com_application_default_credentials.json
[debug] [2021-02-28T18:30:14.936Z] Setting GAC to /home/aman/.config/firebase/amanvermame786_gmail_com_application_default_credentials.json {"metadata":{"emulator":{"name":"functions"},"message":"Setting GAC to /home/aman/.config/firebase/amanvermame786_gmail_com_application_default_credentials.json"}}
[debug] [2021-02-28T18:30:14.976Z] >>> [apiv2][query] GET https://firebase.googleapis.com/v1beta1/projects/clone-9b0b1/adminSdkConfig [none]
[debug] [2021-02-28T18:32:24.402Z] Failed to get Admin SDK config for clone-9b0b1, falling back to cache Failed to get Admin SDK for Firebase project clone-9b0b1. Please make sure the project exists and your account has permission to access it. {"name":"FirebaseError","children":[],"exit":2,"message":"Failed to get Admin SDK for Firebase project clone-9b0b1. Please make sure the project exists and your account has permission to access it.","original":{"name":"FirebaseError","children":[],"exit":1,"message":"Failed to make request to https://firebase.googleapis.com/v1beta1/projects/clone-9b0b1/adminSdkConfig","original":{"message":"request to https://firebase.googleapis.com/v1beta1/projects/clone-9b0b1/adminSdkConfig failed, reason: connect ETIMEDOUT 216.58.200.138:443","type":"system","errno":"ETIMEDOUT","code":"ETIMEDOUT"},"status":500},"status":500}
[warn] ⚠  functions: Unable to fetch project Admin SDK configuration, Admin SDK behavior in Cloud Functions emulator may be incorrect. {"metadata":{"emulator":{"name":"functions"},"message":"Unable to fetch project Admin SDK configuration, Admin SDK behavior in Cloud Functions emulator may be incorrect."}}
[debug] [2021-02-28T18:32:24.470Z] >>> [apiv2][query] GET https://firebase.googleapis.com/v1beta1/projects/clone-9b0b1/webApps/-/config [none]
[debug] [2021-02-28T18:32:26.485Z] <<< [apiv2][status] GET https://firebase.googleapis.com/v1beta1/projects/clone-9b0b1/webApps/-/config 200
[debug] [2021-02-28T18:32:26.486Z] <<< [apiv2][body] GET https://firebase.googleapis.com/v1beta1/projects/clone-9b0b1/webApps/-/config {"projectId":"clone-9b0b1","appId":"1:355303332652:web:aef905b51d3b5bc4db6a89","databaseURL":"https://clone-9b0b1.firebaseio.com","storageBucket":"clone-9b0b1.appspot.com","apiKey":"AIzaSyCrjHQOtI2mGFNxa1-MG4EmpWrh8IsZI5A","authDomain":"clone-9b0b1.firebaseapp.com","messagingSenderId":"355303332652","measurementId":"G-02NMFH3SFC"}
[info] i  hosting: Serving hosting files from: build {"metadata":{"emulator":{"name":"hosting"},"message":"Serving hosting files from: \u001b[1mbuild\u001b[22m"}}
[info] ✔  hosting: Local server: http://localhost:5000 {"metadata":{"emulator":{"name":"hosting"},"message":"Local server: \u001b[4m\u001b[1mhttp://localhost:5000\u001b[22m\u001b[24m"}}
[info] i  ui: downloading ui-v1.4.2.zip... {"metadata":{"emulator":{"name":"ui"},"message":"downloading ui-v1.4.2.zip..."}}
[debug] [2021-02-28T18:32:26.638Z] >>> [apiv2][query] GET https://storage.googleapis.com/firebase-preview-drop/emulator/ui-v1.4.2.zip [none]
[debug] [2021-02-28T18:32:31.313Z] <<< [apiv2][status] GET https://storage.googleapis.com/firebase-preview-drop/emulator/ui-v1.4.2.zip 200
[debug] [2021-02-28T18:32:31.314Z] <<< [apiv2][body] GET https://storage.googleapis.com/firebase-preview-drop/emulator/ui-v1.4.2.zip [stream]
[debug] [2021-02-28T18:32:33.710Z] Ignoring unsupported arg: auto_download {"metadata":{"emulator":{"name":"ui"},"message":"Ignoring unsupported arg: auto_download"}}
[debug] [2021-02-28T18:32:33.711Z] Ignoring unsupported arg: port {"metadata":{"emulator":{"name":"ui"},"message":"Ignoring unsupported arg: port"}}
[debug] [2021-02-28T18:32:33.712Z] Starting Emulator UI with command {"binary":"node","args":["/home/aman/.cache/firebase/emulators/ui-v1.4.2/server.bundle.js"],"optionalArgs":[],"joinArgs":false} {"metadata":{"emulator":{"name":"ui"},"message":"Starting Emulator UI with command {\"binary\":\"node\",\"args\":[\"/home/aman/.cache/firebase/emulators/ui-v1.4.2/server.bundle.js\"],\"optionalArgs\":[],\"joinArgs\":false}"}}
[info] i  ui: Emulator UI logging to ui-debug.log {"metadata":{"emulator":{"name":"ui"},"message":"Emulator UI logging to \u001b[1mui-debug.log\u001b[22m"}}
[debug] [2021-02-28T18:32:37.726Z] Web / API server started at http://localhost:4000
 {"metadata":{"emulator":{"name":"ui"},"message":"Web / API server started at http://localhost:4000\n"}}
[info] i  functions: Watching "/var/www/html/ReactJS/amazon-clone/functions" for Cloud Functions... {"metadata":{"emulator":{"name":"functions"},"message":"Watching \"/var/www/html/ReactJS/amazon-clone/functions\" for Cloud Functions..."}}
[debug] [2021-02-28T18:32:37.886Z] [worker-pool] addWorker(~diagnostic~) {"metadata":{"emulator":{"name":"functions"},"message":"[worker-pool] addWorker(~diagnostic~)"}}
[debug] [2021-02-28T18:32:37.887Z] [worker-pool] Adding worker with key ~diagnostic~, total=1 {"metadata":{"emulator":{"name":"functions"},"message":"[worker-pool] Adding worker with key ~diagnostic~, total=1"}}
[debug] [2021-02-28T18:32:37.888Z] [worker-pool] submitWork(triggerId=) {"metadata":{"emulator":{"name":"functions"},"message":"[worker-pool] submitWork(triggerId=)"}}
[debug] [2021-02-28T18:32:37.891Z] [worker-~diagnostic~-b7e3a3a9-a018-47bd-a2b6-f8b45b589f92]: Assigning socketPath: /tmp/fire_emu_18814.sock {"metadata":{"emulator":{"name":"functions"},"message":"[worker-~diagnostic~-b7e3a3a9-a018-47bd-a2b6-f8b45b589f92]: Assigning socketPath: /tmp/fire_emu_18814.sock"}}
[debug] [2021-02-28T18:32:37.893Z] [worker-~diagnostic~-b7e3a3a9-a018-47bd-a2b6-f8b45b589f92]: BUSY {"metadata":{"emulator":{"name":"functions"},"message":"[worker-~diagnostic~-b7e3a3a9-a018-47bd-a2b6-f8b45b589f92]: BUSY"}}
[debug] [2021-02-28T18:32:42.206Z] [runtime-status] [18814] Functions runtime initialized. {"cwd":"/var/www/html/ReactJS/amazon-clone/functions","node_version":"10.19.0"} {"metadata":{"emulator":{"name":"functions"},"message":"[runtime-status] [18814] Functions runtime initialized. {\"cwd\":\"/var/www/html/ReactJS/amazon-clone/functions\",\"node_version\":\"10.19.0\"}"}}
[debug] [2021-02-28T18:32:42.216Z] [runtime-status] [18814] Disabled runtime features: undefined {"metadata":{"emulator":{"name":"functions"},"message":"[runtime-status] [18814] Disabled runtime features: undefined"}}
[warn] ⚠  The Cloud Functions emulator requires the module "firebase-admin" to be installed. This package is in your package.json, but it's not available. You probably need to run "npm install" in your functions directory. {"metadata":{"emulator":{"name":"functions"},"message":"The Cloud Functions emulator requires the module \"firebase-admin\" to be installed. This package is in your package.json, but it's not available. You probably need to run \"npm install\" in your functions directory."}}
[info] i  functions: Your functions could not be parsed due to an issue with your node_modules (see above) {"metadata":{"emulator":{"name":"functions"},"message":"Your functions could not be parsed due to an issue with your node_modules (see above)"}}
[debug] [2021-02-28T18:32:42.266Z] [worker-~diagnostic~-b7e3a3a9-a018-47bd-a2b6-f8b45b589f92]: exited {"metadata":{"emulator":{"name":"functions"},"message":"[worker-~diagnostic~-b7e3a3a9-a018-47bd-a2b6-f8b45b589f92]: exited"}}
[debug] [2021-02-28T18:32:42.268Z] [worker-~diagnostic~-b7e3a3a9-a018-47bd-a2b6-f8b45b589f92]: FINISHED {"metadata":{"emulator":{"name":"functions"},"message":"[worker-~diagnostic~-b7e3a3a9-a018-47bd-a2b6-f8b45b589f92]: FINISHED"}}
[info] i  hosting: 127.0.0.1 - - [28/Feb/2021:18:33:16 +0000] "GET / HTTP/1.1" 404 139 "-" "Mozilla/5.0 (X11; Linux x86_64) AppleWebKit/537.36 (KHTML, like Gecko) Chrome/88.0.4324.182 Safari/537.36" {"metadata":{"emulator":{"name":"hosting"},"message":"127.0.0.1 - - [28/Feb/2021:18:33:16 +0000] \"GET / HTTP/1.1\" 404 139 \"-\" \"Mozilla/5.0 (X11; Linux x86_64) AppleWebKit/537.36 (KHTML, like Gecko) Chrome/88.0.4324.182 Safari/537.36\""}}
[info] i  hosting: 127.0.0.1 - - [28/Feb/2021:18:37:02 +0000] "GET / HTTP/1.1" 404 139 "-" "Mozilla/5.0 (X11; Linux x86_64) AppleWebKit/537.36 (KHTML, like Gecko) Chrome/88.0.4324.182 Safari/537.36" {"metadata":{"emulator":{"name":"hosting"},"message":"127.0.0.1 - - [28/Feb/2021:18:37:02 +0000] \"GET / HTTP/1.1\" 404 139 \"-\" \"Mozilla/5.0 (X11; Linux x86_64) AppleWebKit/537.36 (KHTML, like Gecko) Chrome/88.0.4324.182 Safari/537.36\""}}
[info] i  hosting: 127.0.0.1 - - [28/Feb/2021:18:39:46 +0000] "GET / HTTP/1.1" 404 139 "http://localhost:4000/" "Mozilla/5.0 (X11; Linux x86_64) AppleWebKit/537.36 (KHTML, like Gecko) Chrome/88.0.4324.182 Safari/537.36" {"metadata":{"emulator":{"name":"hosting"},"message":"127.0.0.1 - - [28/Feb/2021:18:39:46 +0000] \"GET / HTTP/1.1\" 404 139 \"http://localhost:4000/\" \"Mozilla/5.0 (X11; Linux x86_64) AppleWebKit/537.36 (KHTML, like Gecko) Chrome/88.0.4324.182 Safari/537.36\""}}
